<?xml version="1.0" encoding="UTF-8"?>
<!-- Generated by org.testng.reporters.JUnitReportReporter -->
<testsuite skipped="0" hostname="Asthas-MacBook-Pro.local" name="com.amazon.test.SignupTest" tests="1" failures="0" timestamp="2019-11-10T23:05:48 EST" time="3.637" errors="0">
  <testcase name="signup" time="3.637" classname="com.amazon.test.SignupTest"/>
</testsuite> <!-- com.amazon.test.SignupTest -->
