<?xml version="1.0" encoding="UTF-8"?>
<!-- Generated by org.testng.reporters.JUnitReportReporter -->
<testsuite skipped="0" hostname="Asthas-MacBook-Pro.local" name="com.amazon.test.BasicExtentReport" tests="1" failures="0" timestamp="2019-11-11T01:09:48 EST" time="0.014" errors="0">
  <testcase name="testCase1" time="0.014" classname="com.amazon.test.BasicExtentReport"/>
</testsuite> <!-- com.amazon.test.BasicExtentReport -->
