<?xml version="1.0" encoding="UTF-8"?>
<!-- Generated by org.testng.reporters.JUnitReportReporter -->
<testsuite hostname="Asthas-MacBook-Pro.local" name="com.amazon.test.SignupTest" tests="1" failures="0" timestamp="11 Nov 2019 06:13:41 GMT" time="2.636" errors="0">
  <testcase name="signup" time="2.636" classname="com.amazon.test.SignupTest"/>
</testsuite> <!-- com.amazon.test.SignupTest -->
