<?xml version="1.0" encoding="UTF-8"?>
<!-- Generated by org.testng.reporters.JUnitReportReporter -->
<testsuite hostname="Asthas-MacBook-Pro.local" name="com.amazon.test.PositiveSignupTest" tests="1" failures="0" timestamp="11 Nov 2019 06:13:41 GMT" time="0.000" errors="0">
  <testcase name="f" time="0.000" classname="com.amazon.test.PositiveSignupTest"/>
</testsuite> <!-- com.amazon.test.PositiveSignupTest -->
